# JRE version: Java(TM) SE Runtime Environment (8.0_144-b01) (build 1.8.0_144-b01)
# Java VM: Java HotSpot(TM) 64-Bit Server VM (25.144-b01 mixed mode linux-amd64 compressed oops)
Heap:
 PSYoungGen      total 68608K, used 56274K [0x00000000d7180000, 0x00000000df200000, 0x0000000100000000)
  eden space 63488K, 88% used [0x00000000d7180000,0x00000000da874a78,0x00000000daf80000)
  from space 5120K, 0% used [0x00000000db480000,0x00000000db480000,0x00000000db980000)
  to   space 5120K, 0% used [0x00000000daf80000,0x00000000daf80000,0x00000000db480000)
 ParOldGen       total 331264K, used 175441K [0x0000000085400000, 0x0000000099780000, 0x00000000d7180000)
  object space 331264K, 52% used [0x0000000085400000,0x000000008ff54528,0x0000000099780000)
 Metaspace       used 2512K, capacity 4558K, committed 4864K, reserved 1056768K
  class space    used 269K, capacity 386K, committed 512K, reserved 1048576K
GC Heap History (10 events):
Event: 7.363 GC heap before
{Heap before GC invocations=2 (full 0):
 PSYoungGen      total 36864K, used 36846K [0x00000000d7180000, 0x00000000db980000, 0x0000000100000000)
  eden space 31744K, 100% used [0x00000000d7180000,0x00000000d9080000,0x00000000d9080000)
  from space 5120K, 99% used [0x00000000d9080000,0x00000000d957bb68,0x00000000d9580000)
  to   space 5120K, 0% used [0x00000000db480000,0x00000000db480000,0x00000000db980000)
 ParOldGen       total 84992K, used 23136K [0x0000000085400000, 0x000000008a700000, 0x00000000d7180000)
  object space 84992K, 27% used [0x0000000085400000,0x0000000086a98000,0x000000008a700000)
 Metaspace       used 2504K, capacity 4558K, committed 4864K, reserved 1056768K
  class space    used 268K, capacity 386K, committed 512K, reserved 1048576K
Event: 7.406 GC heap after
Heap after GC invocations=2 (full 0):
 PSYoungGen      total 68608K, used 5120K [0x00000000d7180000, 0x00000000db980000, 0x0000000100000000)
  eden space 63488K, 0% used [0x00000000d7180000,0x00000000d7180000,0x00000000daf80000)
  from space 5120K, 100% used [0x00000000db480000,0x00000000db980000,0x00000000db980000)
  to   space 5120K, 0% used [0x00000000daf80000,0x00000000daf80000,0x00000000db480000)
 ParOldGen       total 84992K, used 51413K [0x0000000085400000, 0x000000008a700000, 0x00000000d7180000)
  object space 84992K, 60% used [0x0000000085400000,0x00000000886355b8,0x000000008a700000)
 Metaspace       used 2504K, capacity 4558K, committed 4864K, reserved 1056768K
  class space    used 268K, capacity 386K, committed 512K, reserved 1048576K
}
Event: 142.541 GC heap before
{Heap before GC invocations=3 (full 0):
 PSYoungGen      total 68608K, used 68608K [0x00000000d7180000, 0x00000000db980000, 0x0000000100000000)
  eden space 63488K, 100% used [0x00000000d7180000,0x00000000daf80000,0x00000000daf80000)
  from space 5120K, 100% used [0x00000000db480000,0x00000000db980000,0x00000000db980000)
  to   space 5120K, 0% used [0x00000000daf80000,0x00000000daf80000,0x00000000db480000)
 ParOldGen       total 84992K, used 51413K [0x0000000085400000, 0x000000008a700000, 0x00000000d7180000)
  object space 84992K, 60% used [0x0000000085400000,0x00000000886355b8,0x000000008a700000)
 Metaspace       used 2504K, capacity 4558K, committed 4864K, reserved 1056768K
  class space    used 268K, capacity 386K, committed 512K, reserved 1048576K
Event: 142.647 GC heap after
Heap after GC invocations=3 (full 0):
 PSYoungGen      total 68608K, used 5120K [0x00000000d7180000, 0x00000000db980000, 0x0000000100000000)
  eden space 63488K, 0% used [0x00000000d7180000,0x00000000d7180000,0x00000000daf80000)
  from space 5120K, 100% used [0x00000000daf80000,0x00000000db480000,0x00000000db480000)
  to   space 5120K, 0% used [0x00000000db480000,0x00000000db480000,0x00000000db980000)
 ParOldGen       total 115200K, used 115033K [0x0000000085400000, 0x000000008c480000, 0x00000000d7180000)
  object space 115200K, 99% used [0x0000000085400000,0x000000008c4565c8,0x000000008c480000)
 Metaspace       used 2504K, capacity 4558K, committed 4864K, reserved 1056768K
  class space    used 268K, capacity 386K, committed 512K, reserved 1048576K
}
Event: 142.647 GC heap before
{Heap before GC invocations=4 (full 1):
 PSYoungGen      total 68608K, used 5120K [0x00000000d7180000, 0x00000000db980000, 0x0000000100000000)
  eden space 63488K, 0% used [0x00000000d7180000,0x00000000d7180000,0x00000000daf80000)
  from space 5120K, 100% used [0x00000000daf80000,0x00000000db480000,0x00000000db480000)
  to   space 5120K, 0% used [0x00000000db480000,0x00000000db480000,0x00000000db980000)
 ParOldGen       total 115200K, used 115033K [0x0000000085400000, 0x000000008c480000, 0x00000000d7180000)
  object space 115200K, 99% used [0x0000000085400000,0x000000008c4565c8,0x000000008c480000)
 Metaspace       used 2504K, capacity 4558K, committed 4864K, reserved 1056768K
  class space    used 268K, capacity 386K, committed 512K, reserved 1048576K
Event: 143.247 GC heap after
Heap after GC invocations=4 (full 1):
 PSYoungGen      total 68608K, used 1534K [0x00000000d7180000, 0x00000000db980000, 0x0000000100000000)
  eden space 63488K, 0% used [0x00000000d7180000,0x00000000d7180000,0x00000000daf80000)
  from space 5120K, 29% used [0x00000000daf80000,0x00000000db0ff8d0,0x00000000db480000)
  to   space 5120K, 0% used [0x00000000db480000,0x00000000db480000,0x00000000db980000)
 ParOldGen       total 222720K, used 115168K [0x0000000085400000, 0x0000000092d80000, 0x00000000d7180000)
  object space 222720K, 51% used [0x0000000085400000,0x000000008c478138,0x0000000092d80000)
 Metaspace       used 2504K, capacity 4558K, committed 4864K, reserved 1056768K
  class space    used 268K, capacity 386K, committed 512K, reserved 1048576K
}
Event: 143.318 GC heap before
{Heap before GC invocations=5 (full 1):
 PSYoungGen      total 68608K, used 65022K [0x00000000d7180000, 0x00000000db980000, 0x0000000100000000)
  eden space 63488K, 100% used [0x00000000d7180000,0x00000000daf80000,0x00000000daf80000)
  from space 5120K, 29% used [0x00000000daf80000,0x00000000db0ff8d0,0x00000000db480000)
  to   space 5120K, 0% used [0x00000000db480000,0x00000000db480000,0x00000000db980000)
 ParOldGen       total 222720K, used 115168K [0x0000000085400000, 0x0000000092d80000, 0x00000000d7180000)
  object space 222720K, 51% used [0x0000000085400000,0x000000008c478138,0x0000000092d80000)
 Metaspace       used 2504K, capacity 4558K, committed 4864K, reserved 1056768K
  class space    used 268K, capacity 386K, committed 512K, reserved 1048576K
Event: 143.419 GC heap after
Heap after GC invocations=5 (full 1):
 PSYoungGen      total 68608K, used 5120K [0x00000000d7180000, 0x00000000df200000, 0x0000000100000000)
  eden space 63488K, 0% used [0x00000000d7180000,0x00000000d7180000,0x00000000daf80000)
  from space 5120K, 100% used [0x00000000db480000,0x00000000db980000,0x00000000db980000)
  to   space 5120K, 0% used [0x00000000daf80000,0x00000000daf80000,0x00000000db480000)
 ParOldGen       total 222720K, used 175194K [0x0000000085400000, 0x0000000092d80000, 0x00000000d7180000)
  object space 222720K, 78% used [0x0000000085400000,0x000000008ff16940,0x0000000092d80000)
 Metaspace       used 2504K, capacity 4558K, committed 4864K, reserved 1056768K
  class space    used 268K, capacity 386K, committed 512K, reserved 1048576K
}
Event: 143.419 GC heap before
{Heap before GC invocations=6 (full 2):
 PSYoungGen      total 68608K, used 5120K [0x00000000d7180000, 0x00000000df200000, 0x0000000100000000)
  eden space 63488K, 0% used [0x00000000d7180000,0x00000000d7180000,0x00000000daf80000)
  from space 5120K, 100% used [0x00000000db480000,0x00000000db980000,0x00000000db980000)
  to   space 5120K, 0% used [0x00000000daf80000,0x00000000daf80000,0x00000000db480000)
 ParOldGen       total 222720K, used 175194K [0x0000000085400000, 0x0000000092d80000, 0x00000000d7180000)
  object space 222720K, 78% used [0x0000000085400000,0x000000008ff16940,0x0000000092d80000)
 Metaspace       used 2504K, capacity 4558K, committed 4864K, reserved 1056768K
  class space    used 268K, capacity 386K, committed 512K, reserved 1048576K
Event: 143.793 GC heap after
Heap after GC invocations=6 (full 2):
 PSYoungGen      total 68608K, used 0K [0x00000000d7180000, 0x00000000df200000, 0x0000000100000000)
  eden space 63488K, 0% used [0x00000000d7180000,0x00000000d7180000,0x00000000daf80000)
  from space 5120K, 0% used [0x00000000db480000,0x00000000db480000,0x00000000db980000)
  to   space 5120K, 0% used [0x00000000daf80000,0x00000000daf80000,0x00000000db480000)
 ParOldGen       total 331264K, used 175441K [0x0000000085400000, 0x0000000099780000, 0x00000000d7180000)
  object space 331264K, 52% used [0x0000000085400000,0x000000008ff54528,0x0000000099780000)
 Metaspace       used 2504K, capacity 4558K, committed 4864K, reserved 1056768K
  class space    used 268K, capacity 386K, committed 512K, reserved 1048576K
}

